<?xml version="1.0" encoding="UTF-8"?>
<testsuite xmlns:xsi="http://www.w3.org/2001/XMLSchema-instance" xsi:noNamespaceSchemaLocation="https://maven.apache.org/surefire/maven-surefire-plugin/xsd/surefire-test-report.xsd" name="com.example.PostRequestTest" time="1.063" tests="2" errors="0" skipped="0" failures="0">
  <properties>
    <property name="java.specification.version" value="16"/>
    <property name="sun.jnu.encoding" value="UTF-8"/>
    <property name="java.class.path" value="/Users/marcosribeirohioka/Projects/JavaRestAssured/restassured/target/test-classes:/Users/marcosribeirohioka/Projects/JavaRestAssured/restassured/target/classes:/Users/marcosribeirohioka/.m2/repository/junit/junit/4.13.2/junit-4.13.2.jar:/Users/marcosribeirohioka/.m2/repository/org/hamcrest/hamcrest-core/1.3/hamcrest-core-1.3.jar:/Users/marcosribeirohioka/.m2/repository/org/projectlombok/lombok/1.18.24/lombok-1.18.24.jar:/Users/marcosribeirohioka/.m2/repository/io/rest-assured/rest-assured/5.3.2/rest-assured-5.3.2.jar:/Users/marcosribeirohioka/.m2/repository/org/apache/groovy/groovy/4.0.11/groovy-4.0.11.jar:/Users/marcosribeirohioka/.m2/repository/org/apache/groovy/groovy-xml/4.0.11/groovy-xml-4.0.11.jar:/Users/marcosribeirohioka/.m2/repository/org/apache/httpcomponents/httpclient/4.5.13/httpclient-4.5.13.jar:/Users/marcosribeirohioka/.m2/repository/org/apache/httpcomponents/httpcore/4.4.13/httpcore-4.4.13.jar:/Users/marcosribeirohioka/.m2/repository/commons-logging/commons-logging/1.2/commons-logging-1.2.jar:/Users/marcosribeirohioka/.m2/repository/commons-codec/commons-codec/1.11/commons-codec-1.11.jar:/Users/marcosribeirohioka/.m2/repository/org/apache/httpcomponents/httpmime/4.5.13/httpmime-4.5.13.jar:/Users/marcosribeirohioka/.m2/repository/org/hamcrest/hamcrest/2.2/hamcrest-2.2.jar:/Users/marcosribeirohioka/.m2/repository/org/ccil/cowan/tagsoup/tagsoup/1.2.1/tagsoup-1.2.1.jar:/Users/marcosribeirohioka/.m2/repository/io/rest-assured/json-path/5.3.2/json-path-5.3.2.jar:/Users/marcosribeirohioka/.m2/repository/org/apache/groovy/groovy-json/4.0.11/groovy-json-4.0.11.jar:/Users/marcosribeirohioka/.m2/repository/io/rest-assured/rest-assured-common/5.3.2/rest-assured-common-5.3.2.jar:/Users/marcosribeirohioka/.m2/repository/io/rest-assured/xml-path/5.3.2/xml-path-5.3.2.jar:/Users/marcosribeirohioka/.m2/repository/org/apache/commons/commons-lang3/3.11/commons-lang3-3.11.jar:/Users/marcosribeirohioka/.m2/repository/org/junit/jupiter/junit-jupiter-api/5.10.0/junit-jupiter-api-5.10.0.jar:/Users/marcosribeirohioka/.m2/repository/org/opentest4j/opentest4j/1.3.0/opentest4j-1.3.0.jar:/Users/marcosribeirohioka/.m2/repository/org/junit/platform/junit-platform-commons/1.10.0/junit-platform-commons-1.10.0.jar:/Users/marcosribeirohioka/.m2/repository/org/apiguardian/apiguardian-api/1.1.2/apiguardian-api-1.1.2.jar:/Users/marcosribeirohioka/.m2/repository/org/junit/jupiter/junit-jupiter-engine/5.10.0/junit-jupiter-engine-5.10.0.jar:/Users/marcosribeirohioka/.m2/repository/org/junit/platform/junit-platform-engine/1.10.0/junit-platform-engine-1.10.0.jar:/Users/marcosribeirohioka/.m2/repository/com/aventstack/extentreports/5.0.9/extentreports-5.0.9.jar:/Users/marcosribeirohioka/.m2/repository/io/reactivex/rxjava3/rxjava/3.0.4/rxjava-3.0.4.jar:/Users/marcosribeirohioka/.m2/repository/org/reactivestreams/reactive-streams/1.0.3/reactive-streams-1.0.3.jar:/Users/marcosribeirohioka/.m2/repository/org/freemarker/freemarker/2.3.30/freemarker-2.3.30.jar:/Users/marcosribeirohioka/.m2/repository/com/google/code/gson/gson/2.8.6/gson-2.8.6.jar:"/>
    <property name="java.vm.vendor" value="Oracle Corporation"/>
    <property name="sun.arch.data.model" value="64"/>
    <property name="java.vendor.url" value="https://java.oracle.com/"/>
    <property name="os.name" value="Mac OS X"/>
    <property name="java.vm.specification.version" value="16"/>
    <property name="sun.java.launcher" value="SUN_STANDARD"/>
    <property name="user.country" value="BR"/>
    <property name="sun.boot.library.path" value="/Users/marcosribeirohioka/Library/Java/JavaVirtualMachines/openjdk-16.0.2/Contents/Home/lib"/>
    <property name="sun.java.command" value="/Users/marcosribeirohioka/Projects/JavaRestAssured/restassured/target/surefire/surefirebooter14813063425626149823.jar /Users/marcosribeirohioka/Projects/JavaRestAssured/restassured/target/surefire 2025-01-29T21-34-29_298-jvmRun1 surefire17113493702691886003tmp surefire_018221800297898026863tmp"/>
    <property name="http.nonProxyHosts" value="local|*.local|169.254/16|*.169.254/16"/>
    <property name="jdk.debug" value="release"/>
    <property name="surefire.test.class.path" value="/Users/marcosribeirohioka/Projects/JavaRestAssured/restassured/target/test-classes:/Users/marcosribeirohioka/Projects/JavaRestAssured/restassured/target/classes:/Users/marcosribeirohioka/.m2/repository/junit/junit/4.13.2/junit-4.13.2.jar:/Users/marcosribeirohioka/.m2/repository/org/hamcrest/hamcrest-core/1.3/hamcrest-core-1.3.jar:/Users/marcosribeirohioka/.m2/repository/org/projectlombok/lombok/1.18.24/lombok-1.18.24.jar:/Users/marcosribeirohioka/.m2/repository/io/rest-assured/rest-assured/5.3.2/rest-assured-5.3.2.jar:/Users/marcosribeirohioka/.m2/repository/org/apache/groovy/groovy/4.0.11/groovy-4.0.11.jar:/Users/marcosribeirohioka/.m2/repository/org/apache/groovy/groovy-xml/4.0.11/groovy-xml-4.0.11.jar:/Users/marcosribeirohioka/.m2/repository/org/apache/httpcomponents/httpclient/4.5.13/httpclient-4.5.13.jar:/Users/marcosribeirohioka/.m2/repository/org/apache/httpcomponents/httpcore/4.4.13/httpcore-4.4.13.jar:/Users/marcosribeirohioka/.m2/repository/commons-logging/commons-logging/1.2/commons-logging-1.2.jar:/Users/marcosribeirohioka/.m2/repository/commons-codec/commons-codec/1.11/commons-codec-1.11.jar:/Users/marcosribeirohioka/.m2/repository/org/apache/httpcomponents/httpmime/4.5.13/httpmime-4.5.13.jar:/Users/marcosribeirohioka/.m2/repository/org/hamcrest/hamcrest/2.2/hamcrest-2.2.jar:/Users/marcosribeirohioka/.m2/repository/org/ccil/cowan/tagsoup/tagsoup/1.2.1/tagsoup-1.2.1.jar:/Users/marcosribeirohioka/.m2/repository/io/rest-assured/json-path/5.3.2/json-path-5.3.2.jar:/Users/marcosribeirohioka/.m2/repository/org/apache/groovy/groovy-json/4.0.11/groovy-json-4.0.11.jar:/Users/marcosribeirohioka/.m2/repository/io/rest-assured/rest-assured-common/5.3.2/rest-assured-common-5.3.2.jar:/Users/marcosribeirohioka/.m2/repository/io/rest-assured/xml-path/5.3.2/xml-path-5.3.2.jar:/Users/marcosribeirohioka/.m2/repository/org/apache/commons/commons-lang3/3.11/commons-lang3-3.11.jar:/Users/marcosribeirohioka/.m2/repository/org/junit/jupiter/junit-jupiter-api/5.10.0/junit-jupiter-api-5.10.0.jar:/Users/marcosribeirohioka/.m2/repository/org/opentest4j/opentest4j/1.3.0/opentest4j-1.3.0.jar:/Users/marcosribeirohioka/.m2/repository/org/junit/platform/junit-platform-commons/1.10.0/junit-platform-commons-1.10.0.jar:/Users/marcosribeirohioka/.m2/repository/org/apiguardian/apiguardian-api/1.1.2/apiguardian-api-1.1.2.jar:/Users/marcosribeirohioka/.m2/repository/org/junit/jupiter/junit-jupiter-engine/5.10.0/junit-jupiter-engine-5.10.0.jar:/Users/marcosribeirohioka/.m2/repository/org/junit/platform/junit-platform-engine/1.10.0/junit-platform-engine-1.10.0.jar:/Users/marcosribeirohioka/.m2/repository/com/aventstack/extentreports/5.0.9/extentreports-5.0.9.jar:/Users/marcosribeirohioka/.m2/repository/io/reactivex/rxjava3/rxjava/3.0.4/rxjava-3.0.4.jar:/Users/marcosribeirohioka/.m2/repository/org/reactivestreams/reactive-streams/1.0.3/reactive-streams-1.0.3.jar:/Users/marcosribeirohioka/.m2/repository/org/freemarker/freemarker/2.3.30/freemarker-2.3.30.jar:/Users/marcosribeirohioka/.m2/repository/com/google/code/gson/gson/2.8.6/gson-2.8.6.jar:"/>
    <property name="sun.cpu.endian" value="little"/>
    <property name="user.home" value="/Users/marcosribeirohioka"/>
    <property name="user.language" value="pt"/>
    <property name="java.specification.vendor" value="Oracle Corporation"/>
    <property name="java.version.date" value="2021-07-20"/>
    <property name="java.home" value="/Users/marcosribeirohioka/Library/Java/JavaVirtualMachines/openjdk-16.0.2/Contents/Home"/>
    <property name="file.separator" value="/"/>
    <property name="basedir" value="/Users/marcosribeirohioka/Projects/JavaRestAssured/restassured"/>
    <property name="java.vm.compressedOopsMode" value="Zero based"/>
    <property name="line.separator" value="&#10;"/>
    <property name="java.specification.name" value="Java Platform API Specification"/>
    <property name="java.vm.specification.vendor" value="Oracle Corporation"/>
    <property name="surefire.real.class.path" value="/Users/marcosribeirohioka/Projects/JavaRestAssured/restassured/target/surefire/surefirebooter14813063425626149823.jar"/>
    <property name="sun.management.compiler" value="HotSpot 64-Bit Tiered Compilers"/>
    <property name="ftp.nonProxyHosts" value="local|*.local|169.254/16|*.169.254/16"/>
    <property name="java.runtime.version" value="16.0.2+7-67"/>
    <property name="user.name" value="marcosribeirohioka"/>
    <property name="path.separator" value=":"/>
    <property name="os.version" value="11.3"/>
    <property name="java.runtime.name" value="OpenJDK Runtime Environment"/>
    <property name="file.encoding" value="UTF-8"/>
    <property name="java.vm.name" value="OpenJDK 64-Bit Server VM"/>
    <property name="localRepository" value="/Users/marcosribeirohioka/.m2/repository"/>
    <property name="java.vendor.url.bug" value="https://bugreport.java.com/bugreport/"/>
    <property name="java.io.tmpdir" value="/var/folders/cq/sf6hg5bj5115d1r5_3996ck80000gn/T/"/>
    <property name="java.version" value="16.0.2"/>
    <property name="user.dir" value="/Users/marcosribeirohioka/Projects/JavaRestAssured/restassured"/>
    <property name="os.arch" value="x86_64"/>
    <property name="java.vm.specification.name" value="Java Virtual Machine Specification"/>
    <property name="java.library.path" value="/Users/marcosribeirohioka/Library/Java/Extensions:/Library/Java/Extensions:/Network/Library/Java/Extensions:/System/Library/Java/Extensions:/usr/lib/java:."/>
    <property name="java.vm.info" value="mixed mode, sharing"/>
    <property name="java.vendor" value="Oracle Corporation"/>
    <property name="java.vm.version" value="16.0.2+7-67"/>
    <property name="sun.io.unicode.encoding" value="UnicodeBig"/>
    <property name="socksNonProxyHosts" value="local|*.local|169.254/16|*.169.254/16"/>
    <property name="java.class.version" value="60.0"/>
  </properties>
  <testcase name="testCreateUser" classname="com.example.PostRequestTest" time="0.576"/>
  <testcase name="testCreateUserWithInvalidInput" classname="com.example.PostRequestTest" time="0.486"/>
</testsuite>